2024-01-05 18:08:07 INFO Download files Starting
2024-01-05 18:10:44 INFO Download files Completed
2024-01-05 18:10:44 INFO get line word count method starting
2024-01-05 18:10:44 INFO File line word count Completed
2024-01-05 18:10:44 INFO Counting lines more than 10 words
2024-01-05 18:10:44 INFO get line word count method starting
2024-01-05 18:10:44 INFO File line word count Completed
2024-01-05 18:10:44 INFO Counting lines more than 10 words Completed
2024-01-05 18:10:44 INFO all files finding character Starting
2024-01-05 18:10:44 INFO We get all files character and there words Spoken, 10 most occur words by character 
2024-01-05 18:10:44 INFO  Creating CSV File Starting 
2024-01-05 18:10:44 INFO get line word count method starting
2024-01-05 18:10:44 INFO File line word count Completed
2024-01-05 18:10:44 INFO Counting lines more than 10 words
2024-01-05 18:10:44 INFO get line word count method starting
2024-01-05 18:10:44 INFO File line word count Completed
2024-01-05 18:10:44 INFO Counting lines more than 10 words Completed
2024-01-05 18:10:44 INFO all files finding character Starting
2024-01-05 18:10:45 INFO We get all files character and there words Spoken, 10 most occur words by character 
2024-01-05 18:10:45 INFO CSV File Created 
2024-01-05 20:05:45 INFO Download files Starting
2024-01-05 20:17:46 INFO Download files Starting
2024-01-05 20:17:57 INFO Download files Completed
2024-01-05 20:17:57 INFO get line word count method starting
2024-01-05 20:17:57 INFO File line word count Completed
2024-01-05 20:17:57 INFO Counting lines more than 10 words
2024-01-05 20:17:57 INFO get line word count method starting
2024-01-05 20:17:57 INFO File line word count Completed
2024-01-05 20:17:57 INFO Counting lines more than 10 words Completed
2024-01-05 20:17:57 INFO all files finding character Starting
2024-01-05 20:17:57 INFO We get all files character and there words Spoken, 10 most occur words by character 
2024-01-05 20:17:57 INFO  Creating CSV File Starting 
2024-01-05 20:17:57 INFO get line word count method starting
2024-01-05 20:17:57 INFO File line word count Completed
2024-01-05 20:17:57 INFO Counting lines more than 10 words
2024-01-05 20:17:57 INFO get line word count method starting
2024-01-05 20:17:57 INFO File line word count Completed
2024-01-05 20:17:57 INFO Counting lines more than 10 words Completed
2024-01-05 20:17:57 INFO all files finding character Starting
2024-01-05 20:17:57 INFO We get all files character and there words Spoken, 10 most occur words by character 
2024-01-05 20:17:57 INFO CSV File Created 
2024-01-05 20:28:54 INFO get line word count method starting
2024-01-05 20:28:54 INFO File line word count Completed
2024-01-05 20:28:54 INFO Counting lines more than 10 words
2024-01-05 20:28:54 INFO get line word count method starting
2024-01-05 20:28:54 INFO File line word count Completed
2024-01-05 20:28:54 INFO Counting lines more than 10 words Completed
2024-01-05 20:28:54 INFO all files finding character Starting
2024-01-05 20:28:54 INFO We get all files character and there words Spoken, 10 most occur words by character 
2024-01-05 20:28:54 INFO  Creating CSV File Starting 
2024-01-05 20:28:54 INFO get line word count method starting
2024-01-05 20:28:54 INFO File line word count Completed
2024-01-05 20:28:54 INFO Counting lines more than 10 words
2024-01-05 20:28:54 INFO get line word count method starting
2024-01-05 20:28:54 INFO File line word count Completed
2024-01-05 20:28:54 INFO Counting lines more than 10 words Completed
2024-01-05 20:28:54 INFO all files finding character Starting
2024-01-05 20:28:54 INFO We get all files character and there words Spoken, 10 most occur words by character 
2024-01-05 20:29:05 INFO get line word count method starting
2024-01-05 20:29:05 INFO File line word count Completed
2024-01-05 20:29:05 INFO Counting lines more than 10 words
2024-01-05 20:29:05 INFO get line word count method starting
2024-01-05 20:29:06 INFO File line word count Completed
2024-01-05 20:29:06 INFO Counting lines more than 10 words Completed
2024-01-05 20:29:06 INFO all files finding character Starting
2024-01-05 20:29:06 INFO We get all files character and there words Spoken, 10 most occur words by character 
2024-01-05 20:29:06 INFO  Creating CSV File Starting 
2024-01-05 20:29:06 INFO get line word count method starting
2024-01-05 20:29:06 INFO File line word count Completed
2024-01-05 20:29:06 INFO Counting lines more than 10 words
2024-01-05 20:29:06 INFO get line word count method starting
2024-01-05 20:29:06 INFO File line word count Completed
2024-01-05 20:29:06 INFO Counting lines more than 10 words Completed
2024-01-05 20:29:06 INFO all files finding character Starting
2024-01-05 20:29:06 INFO We get all files character and there words Spoken, 10 most occur words by character 
2024-01-05 20:29:06 INFO CSV File Created 
2024-01-07 11:38:00 INFO get line word count method starting
2024-01-07 11:38:00 INFO File line word count Completed
2024-01-07 11:38:00 INFO Counting lines more than 10 words
2024-01-07 11:38:00 INFO get line word count method starting
2024-01-07 11:38:00 INFO File line word count Completed
2024-01-07 11:38:00 INFO Counting lines more than 10 words Completed
2024-01-07 11:38:00 INFO all files finding character Starting
2024-01-07 11:38:00 INFO We get all files character and there words Spoken, 10 most occur words by character 
2024-01-07 11:38:00 INFO  Creating CSV File Starting 
2024-01-07 11:38:00 INFO get line word count method starting
2024-01-07 11:38:00 INFO File line word count Completed
2024-01-07 11:38:00 INFO Counting lines more than 10 words
2024-01-07 11:38:00 INFO get line word count method starting
2024-01-07 11:38:00 INFO File line word count Completed
2024-01-07 11:38:00 INFO Counting lines more than 10 words Completed
2024-01-07 11:38:00 INFO all files finding character Starting
2024-01-07 11:38:00 INFO We get all files character and there words Spoken, 10 most occur words by character 
2024-01-07 11:38:00 INFO CSV File Created 
2024-01-07 11:42:18 INFO get line word count method starting
2024-01-07 11:42:18 INFO File line word count Completed
2024-01-07 11:42:18 INFO Counting lines more than 10 words
2024-01-07 11:42:18 INFO get line word count method starting
2024-01-07 11:42:18 INFO File line word count Completed
2024-01-07 11:42:18 INFO Counting lines more than 10 words Completed
2024-01-07 11:42:18 INFO all files finding character Starting
2024-01-07 11:42:18 INFO We get all files character and there words Spoken, 10 most occur words by character 
2024-01-07 11:42:18 INFO  Creating CSV File Starting 
2024-01-07 11:42:18 INFO get line word count method starting
2024-01-07 11:42:18 INFO File line word count Completed
2024-01-07 11:42:18 INFO Counting lines more than 10 words
2024-01-07 11:42:18 INFO get line word count method starting
2024-01-07 11:42:18 INFO File line word count Completed
2024-01-07 11:42:18 INFO Counting lines more than 10 words Completed
2024-01-07 11:42:18 INFO all files finding character Starting
2024-01-07 11:42:18 INFO We get all files character and there words Spoken, 10 most occur words by character 
2024-01-07 11:42:18 INFO CSV File Created 
2024-01-07 12:16:58 INFO get line word count method starting
2024-01-07 12:16:58 INFO File line word count Completed
2024-01-07 12:16:58 INFO Counting lines more than 10 words
2024-01-07 12:16:58 INFO get line word count method starting
2024-01-07 12:16:58 INFO File line word count Completed
2024-01-07 12:16:58 INFO Counting lines more than 10 words Completed
2024-01-07 12:16:58 INFO all files finding character Starting
2024-01-07 12:16:58 INFO We get all files character and there words Spoken, 10 most occur words by character 
2024-01-07 12:16:58 INFO  Creating CSV File Starting 
2024-01-07 12:16:58 INFO get line word count method starting
2024-01-07 12:16:58 INFO File line word count Completed
2024-01-07 12:16:58 INFO Counting lines more than 10 words
2024-01-07 12:16:58 INFO get line word count method starting
2024-01-07 12:16:58 INFO File line word count Completed
2024-01-07 12:16:58 INFO Counting lines more than 10 words Completed
2024-01-07 12:16:58 INFO all files finding character Starting
2024-01-07 12:16:58 INFO We get all files character and there words Spoken, 10 most occur words by character 
2024-01-07 12:16:58 INFO CSV File Created 
